10/20/2024 01:52:09 PM: INFO: *************TestLogin001************
10/20/2024 01:52:09 PM: INFO: *********Verifying Home Page Title*********
10/20/2024 01:52:11 PM: INFO: *********Home Page Title Passed*********
10/20/2024 01:52:44 PM: INFO: *************TestLogin001************
10/20/2024 01:52:44 PM: INFO: *********Verifying Home Page Title*********
10/20/2024 01:57:39 PM: INFO: *************TestLogin001************
10/20/2024 01:57:39 PM: INFO: *********Verifying Home Page Title*********
10/20/2024 01:57:40 PM: INFO: *********Home Page Title Passed*********
10/20/2024 01:57:40 PM: INFO: *********Verify Login Test*********
10/20/2024 01:59:45 PM: INFO: *************TestLogin001************
10/20/2024 01:59:45 PM: INFO: *********Verifying Home Page Title*********
10/20/2024 01:59:46 PM: INFO: *********Home Page Title Passed*********
10/20/2024 02:00:32 PM: INFO: *************TestLogin001************
10/20/2024 02:00:32 PM: INFO: *********Verifying Home Page Title*********
10/20/2024 02:53:56 PM: INFO: *************TestLogin001************
10/20/2024 02:53:56 PM: INFO: *********Verifying Home Page Title*********
10/20/2024 03:18:53 PM: INFO: *************TestLogin001************
10/20/2024 03:18:53 PM: INFO: *********Verifying Home Page Title*********
10/20/2024 03:18:54 PM: INFO: *********Home Page Title Passed*********
10/20/2024 03:19:37 PM: INFO: *************TestLogin001************
10/20/2024 03:19:37 PM: INFO: *********Verifying Home Page Title*********
10/20/2024 03:19:38 PM: INFO: *********Home Page Title Passed*********
10/20/2024 03:40:15 PM: INFO: *************TestLogin001************
10/20/2024 03:40:15 PM: INFO: *********Verifying Home Page Title*********
10/20/2024 03:40:16 PM: INFO: *********Home Page Title Passed*********
10/20/2024 04:06:45 PM: INFO: *************TestLogin001************
10/20/2024 04:06:45 PM: INFO: *********Verifying Home Page Title*********
10/20/2024 04:06:46 PM: INFO: *********Home Page Title Passed*********
10/20/2024 04:06:46 PM: INFO: *********Verify Login Test*********
10/20/2024 04:06:47 PM: INFO: *********Login Test Passed*********
10/20/2024 04:08:09 PM: INFO: *************TestLogin001************
10/20/2024 04:08:09 PM: INFO: *********Verifying Home Page Title*********
10/20/2024 04:08:09 PM: INFO: *********Home Page Title Passed*********
10/20/2024 04:08:09 PM: INFO: *********Verify Login Test*********
10/20/2024 04:08:09 PM: INFO: *********Login Test Passed*********
10/20/2024 04:08:55 PM: INFO: *************TestLogin001************
10/20/2024 04:08:55 PM: INFO: *********Verifying Home Page Title*********
10/20/2024 04:09:06 PM: INFO: *********Verify Login Test*********
10/20/2024 04:09:06 PM: ERROR: *********login Test Failed*********
10/20/2024 04:10:36 PM: INFO: *************TestLogin001************
10/20/2024 04:10:36 PM: INFO: *********Verifying Home Page Title*********
10/20/2024 04:10:36 PM: INFO: *********Home Page Title Passed*********
10/20/2024 04:10:36 PM: INFO: *********Verify Login Test*********
10/20/2024 04:10:37 PM: INFO: *********Login Test Passed*********
10/20/2024 05:23:14 PM: INFO: **********TestLoginDDT002**********
10/20/2024 05:23:14 PM: INFO: *********Verify Login Test*********
10/20/2024 05:23:15 PM: INFO: *********Login Test Passed*********
10/20/2024 05:23:15 PM: INFO: *********Login Test Passed*********
10/20/2024 05:23:16 PM: INFO: *********Login Test Passed*********
10/20/2024 05:23:16 PM: INFO: *********Login Test Passed*********
10/20/2024 05:23:16 PM: INFO: *********Login Test Passed*********
10/20/2024 05:23:16 PM: INFO: *********Login Test Passed*********
10/20/2024 05:23:16 PM: INFO: *********Login Test Passed*********
10/20/2024 05:23:16 PM: INFO: *********Login Test Passed*********
10/20/2024 05:23:16 PM: INFO: *********Login Test Passed*********
10/20/2024 05:23:17 PM: INFO: *********Login Test Passed*********
10/20/2024 05:23:17 PM: INFO: *********Login Test Passed*********
10/20/2024 05:23:17 PM: INFO: *********Login Test Passed*********
10/20/2024 05:26:12 PM: INFO: **********TestLoginDDT002**********
10/20/2024 05:26:12 PM: INFO: *********Verify Login Test*********
10/20/2024 05:26:13 PM: INFO: *********Login Test Passed*********
10/20/2024 06:05:29 PM: INFO: *************TestLogin001************
10/20/2024 06:05:29 PM: INFO: *********Verifying Home Page Title*********
10/20/2024 06:05:30 PM: INFO: *********Home Page Title Passed*********
10/20/2024 06:06:36 PM: INFO: *********Verify Login Test*********
10/20/2024 06:06:36 PM: INFO: *********Login Test Passed*********
10/20/2024 06:06:38 PM: INFO: **********TestLoginDDT002**********
10/20/2024 06:06:38 PM: INFO: *********Verify Login Test*********
10/20/2024 06:06:38 PM: INFO: *********Login Test Passed*********
10/20/2024 06:07:52 PM: INFO: *************TestLogin001************
10/20/2024 06:07:52 PM: INFO: *********Verifying Home Page Title*********
10/20/2024 06:07:52 PM: INFO: *********Home Page Title Passed*********
10/20/2024 06:07:52 PM: INFO: *********Verify Login Test*********
10/20/2024 06:07:53 PM: INFO: *********Login Test Passed*********
10/20/2024 06:07:54 PM: INFO: **********TestLoginDDT002**********
10/20/2024 06:07:54 PM: INFO: *********Verify Login Test*********
10/20/2024 06:07:55 PM: INFO: *********Login Test Passed*********
10/20/2024 08:38:14 PM: INFO: *************TestLogin001************
10/20/2024 08:38:14 PM: INFO: *********Verifying Home Page Title*********
10/20/2024 08:38:15 PM: INFO: *********Home Page Title Passed*********
10/20/2024 08:38:15 PM: INFO: *********Verify Login Test*********
10/20/2024 08:38:15 PM: INFO: *********Login Test Passed*********
10/20/2024 08:38:16 PM: INFO: **********TestLoginDDT002**********
10/20/2024 08:38:16 PM: INFO: *********Verify Login Test*********
10/20/2024 08:38:17 PM: INFO: *********Login Test Passed*********
